2015-11-25 18:40:47 INFO  Version:37 - HCANN000001: Hibernate Commons Annotations {4.0.1.Final}
2015-11-25 18:40:47 INFO  Version:41 - HHH000412: Hibernate Core {4.0.1.Final}
2015-11-25 18:40:47 INFO  Environment:239 - HHH000206: hibernate.properties not found
2015-11-25 18:40:47 INFO  Environment:342 - HHH000021: Bytecode provider name : javassist
2015-11-25 18:40:47 INFO  Configuration:1920 - HHH000043: Configuring from resource: /hibernate.cfg.xml
2015-11-25 18:40:47 INFO  Configuration:1939 - HHH000040: Configuration resource: /hibernate.cfg.xml
2015-11-25 18:40:47 INFO  Configuration:714 - HHH000221: Reading mappings from resource: dades/Punt.hbm.xml
2015-11-25 18:40:47 INFO  Configuration:714 - HHH000221: Reading mappings from resource: dades/Ruta.hbm.xml
2015-11-25 18:40:47 INFO  Configuration:2061 - HHH000041: Configured SessionFactory: null
2015-11-25 18:40:47 INFO  DriverManagerConnectionProviderImpl:90 - HHH000402: Using Hibernate built-in connection pool (not for production use!)
2015-11-25 18:40:47 INFO  DriverManagerConnectionProviderImpl:110 - HHH000115: Hibernate connection pool size: 20
2015-11-25 18:40:47 INFO  DriverManagerConnectionProviderImpl:113 - HHH000006: Autocommit mode: false
2015-11-25 18:40:47 INFO  DriverManagerConnectionProviderImpl:127 - HHH000401: using driver [org.postgresql.Driver] at URL [jdbc:postgresql://172.16.1.2:5432/rutes]
2015-11-25 18:40:47 INFO  DriverManagerConnectionProviderImpl:132 - HHH000046: Connection properties: {user=rutes, password=****}
2015-11-25 18:40:48 INFO  Dialect:121 - HHH000400: Using dialect: org.hibernate.dialect.PostgreSQLDialect
2015-11-25 18:40:48 INFO  LobCreatorBuilder:120 - HHH000424: Disabling contextual LOB creation as createClob() method threw error : java.lang.reflect.InvocationTargetException
2015-11-25 18:40:48 INFO  TransactionFactoryInitiator:68 - HHH000399: Using default transaction strategy (direct JDBC transactions)
2015-11-25 18:40:48 INFO  ASTQueryTranslatorFactory:48 - HHH000397: Using ASTQueryTranslatorFactory
2015-11-25 18:41:12 INFO  Version:37 - HCANN000001: Hibernate Commons Annotations {4.0.1.Final}
2015-11-25 18:41:12 INFO  Version:41 - HHH000412: Hibernate Core {4.0.1.Final}
2015-11-25 18:41:12 INFO  Environment:239 - HHH000206: hibernate.properties not found
2015-11-25 18:41:12 INFO  Environment:342 - HHH000021: Bytecode provider name : javassist
2015-11-25 18:41:12 INFO  Configuration:1920 - HHH000043: Configuring from resource: /hibernate.cfg.xml
2015-11-25 18:41:12 INFO  Configuration:1939 - HHH000040: Configuration resource: /hibernate.cfg.xml
2015-11-25 18:41:12 INFO  Configuration:714 - HHH000221: Reading mappings from resource: dades/Punt.hbm.xml
2015-11-25 18:41:12 INFO  Configuration:714 - HHH000221: Reading mappings from resource: dades/Ruta.hbm.xml
2015-11-25 18:41:12 INFO  Configuration:2061 - HHH000041: Configured SessionFactory: null
2015-11-25 18:41:13 INFO  DriverManagerConnectionProviderImpl:90 - HHH000402: Using Hibernate built-in connection pool (not for production use!)
2015-11-25 18:41:13 INFO  DriverManagerConnectionProviderImpl:110 - HHH000115: Hibernate connection pool size: 20
2015-11-25 18:41:13 INFO  DriverManagerConnectionProviderImpl:113 - HHH000006: Autocommit mode: false
2015-11-25 18:41:13 INFO  DriverManagerConnectionProviderImpl:127 - HHH000401: using driver [org.postgresql.Driver] at URL [jdbc:postgresql://172.16.1.2:5432/rutes]
2015-11-25 18:41:13 INFO  DriverManagerConnectionProviderImpl:132 - HHH000046: Connection properties: {user=rutes, password=****}
2015-11-25 18:41:13 INFO  Dialect:121 - HHH000400: Using dialect: org.hibernate.dialect.PostgreSQLDialect
2015-11-25 18:41:13 INFO  LobCreatorBuilder:120 - HHH000424: Disabling contextual LOB creation as createClob() method threw error : java.lang.reflect.InvocationTargetException
2015-11-25 18:41:13 INFO  TransactionFactoryInitiator:68 - HHH000399: Using default transaction strategy (direct JDBC transactions)
2015-11-25 18:41:13 INFO  ASTQueryTranslatorFactory:48 - HHH000397: Using ASTQueryTranslatorFactory
2015-11-25 18:44:10 INFO  Version:37 - HCANN000001: Hibernate Commons Annotations {4.0.1.Final}
2015-11-25 18:44:10 INFO  Version:41 - HHH000412: Hibernate Core {4.0.1.Final}
2015-11-25 18:44:10 INFO  Environment:239 - HHH000206: hibernate.properties not found
2015-11-25 18:44:10 INFO  Environment:342 - HHH000021: Bytecode provider name : javassist
2015-11-25 18:44:10 INFO  Configuration:1920 - HHH000043: Configuring from resource: /hibernate.cfg.xml
2015-11-25 18:44:10 INFO  Configuration:1939 - HHH000040: Configuration resource: /hibernate.cfg.xml
2015-11-25 18:44:10 INFO  Configuration:714 - HHH000221: Reading mappings from resource: dades/Punt.hbm.xml
2015-11-25 18:44:10 INFO  Configuration:714 - HHH000221: Reading mappings from resource: dades/Ruta.hbm.xml
2015-11-25 18:44:10 INFO  Configuration:2061 - HHH000041: Configured SessionFactory: null
2015-11-25 18:44:10 INFO  DriverManagerConnectionProviderImpl:90 - HHH000402: Using Hibernate built-in connection pool (not for production use!)
2015-11-25 18:44:10 INFO  DriverManagerConnectionProviderImpl:110 - HHH000115: Hibernate connection pool size: 20
2015-11-25 18:44:10 INFO  DriverManagerConnectionProviderImpl:113 - HHH000006: Autocommit mode: false
2015-11-25 18:44:10 INFO  DriverManagerConnectionProviderImpl:127 - HHH000401: using driver [org.postgresql.Driver] at URL [jdbc:postgresql://172.16.1.2:5432/rutes]
2015-11-25 18:44:10 INFO  DriverManagerConnectionProviderImpl:132 - HHH000046: Connection properties: {user=rutes, password=****}
2015-11-25 18:44:10 INFO  Dialect:121 - HHH000400: Using dialect: org.hibernate.dialect.PostgreSQLDialect
2015-11-25 18:44:11 INFO  LobCreatorBuilder:120 - HHH000424: Disabling contextual LOB creation as createClob() method threw error : java.lang.reflect.InvocationTargetException
2015-11-25 18:44:11 INFO  TransactionFactoryInitiator:68 - HHH000399: Using default transaction strategy (direct JDBC transactions)
2015-11-25 18:44:11 INFO  ASTQueryTranslatorFactory:48 - HHH000397: Using ASTQueryTranslatorFactory
2015-11-25 18:49:24 INFO  Version:37 - HCANN000001: Hibernate Commons Annotations {4.0.1.Final}
2015-11-25 18:49:24 INFO  Version:41 - HHH000412: Hibernate Core {4.0.1.Final}
2015-11-25 18:49:24 INFO  Environment:239 - HHH000206: hibernate.properties not found
2015-11-25 18:49:24 INFO  Environment:342 - HHH000021: Bytecode provider name : javassist
2015-11-25 18:49:24 INFO  Configuration:1920 - HHH000043: Configuring from resource: /hibernate.cfg.xml
2015-11-25 18:49:24 INFO  Configuration:1939 - HHH000040: Configuration resource: /hibernate.cfg.xml
2015-11-25 18:49:24 INFO  Configuration:714 - HHH000221: Reading mappings from resource: dades/Punt.hbm.xml
2015-11-25 18:49:24 INFO  Configuration:714 - HHH000221: Reading mappings from resource: dades/Ruta.hbm.xml
2015-11-25 18:49:24 INFO  Configuration:2061 - HHH000041: Configured SessionFactory: null
2015-11-25 18:49:24 INFO  DriverManagerConnectionProviderImpl:90 - HHH000402: Using Hibernate built-in connection pool (not for production use!)
2015-11-25 18:49:24 INFO  DriverManagerConnectionProviderImpl:110 - HHH000115: Hibernate connection pool size: 20
2015-11-25 18:49:24 INFO  DriverManagerConnectionProviderImpl:113 - HHH000006: Autocommit mode: false
2015-11-25 18:49:24 INFO  DriverManagerConnectionProviderImpl:127 - HHH000401: using driver [org.postgresql.Driver] at URL [jdbc:postgresql://172.16.1.2:5432/rutes]
2015-11-25 18:49:24 INFO  DriverManagerConnectionProviderImpl:132 - HHH000046: Connection properties: {user=rutes, password=****}
2015-11-25 18:49:25 INFO  Dialect:121 - HHH000400: Using dialect: org.hibernate.dialect.PostgreSQLDialect
2015-11-25 18:49:25 INFO  LobCreatorBuilder:120 - HHH000424: Disabling contextual LOB creation as createClob() method threw error : java.lang.reflect.InvocationTargetException
2015-11-25 18:49:25 INFO  TransactionFactoryInitiator:68 - HHH000399: Using default transaction strategy (direct JDBC transactions)
2015-11-25 18:49:25 INFO  ASTQueryTranslatorFactory:48 - HHH000397: Using ASTQueryTranslatorFactory
2015-11-27 15:21:19 INFO  Version:37 - HCANN000001: Hibernate Commons Annotations {4.0.1.Final}
2015-11-27 15:21:19 INFO  Version:41 - HHH000412: Hibernate Core {4.0.1.Final}
2015-11-27 15:21:19 INFO  Environment:239 - HHH000206: hibernate.properties not found
2015-11-27 15:21:19 INFO  Environment:342 - HHH000021: Bytecode provider name : javassist
2015-11-27 15:21:19 INFO  Configuration:1920 - HHH000043: Configuring from resource: /hibernate.cfg.xml
2015-11-27 15:21:19 INFO  Configuration:1939 - HHH000040: Configuration resource: /hibernate.cfg.xml
2015-11-27 15:21:19 INFO  Configuration:714 - HHH000221: Reading mappings from resource: dades/Punt.hbm.xml
2015-11-27 15:21:19 INFO  Configuration:714 - HHH000221: Reading mappings from resource: dades/Ruta.hbm.xml
2015-11-27 15:21:19 INFO  Configuration:2061 - HHH000041: Configured SessionFactory: null
2015-11-27 15:21:19 INFO  DriverManagerConnectionProviderImpl:90 - HHH000402: Using Hibernate built-in connection pool (not for production use!)
2015-11-27 15:21:19 INFO  DriverManagerConnectionProviderImpl:110 - HHH000115: Hibernate connection pool size: 20
2015-11-27 15:21:19 INFO  DriverManagerConnectionProviderImpl:113 - HHH000006: Autocommit mode: false
2015-11-27 15:21:19 INFO  DriverManagerConnectionProviderImpl:127 - HHH000401: using driver [org.postgresql.Driver] at URL [jdbc:postgresql://172.16.1.2:5432/rutes]
2015-11-27 15:21:19 INFO  DriverManagerConnectionProviderImpl:132 - HHH000046: Connection properties: {user=rutes, password=****}
2015-11-27 15:21:20 INFO  Dialect:121 - HHH000400: Using dialect: org.hibernate.dialect.PostgreSQLDialect
2015-11-27 15:21:20 INFO  LobCreatorBuilder:120 - HHH000424: Disabling contextual LOB creation as createClob() method threw error : java.lang.reflect.InvocationTargetException
2015-11-27 15:21:20 INFO  TransactionFactoryInitiator:68 - HHH000399: Using default transaction strategy (direct JDBC transactions)
2015-11-27 15:21:20 INFO  ASTQueryTranslatorFactory:48 - HHH000397: Using ASTQueryTranslatorFactory
