#
# A fatal error has been detected by the Java Runtime Environment:
#
#  SIGSEGV (0xb) at pc=0x00007fa7a698734f, pid=4591, tid=140358051845888
#
# JRE version: 7.0_25-b15
# Java VM: Java HotSpot(TM) 64-Bit Server VM (23.25-b01 mixed mode linux-amd64 compressed oops)
# Problematic frame:
# V  [libjvm.so+0x57834f]  jni_GetStringUTFChars+0x9f
#
# Failed to write core dump. Core dumps have been disabled. To enable core dumping, try "ulimit -c unlimited" before starting Java again
#
# If you would like to submit a bug report, please visit:
#   http://bugreport.sun.com/bugreport/crash.jsp
#

---------------  T H R E A D  ---------------

Current thread (0x00007fa7a0006800):  JavaThread "main" [_thread_in_vm, id=4597, stack(0x00007fa7a7c25000,0x00007fa7a7d26000)]

siginfo:si_signo=SIGSEGV: si_errno=0, si_code=1 (SEGV_MAPERR), si_addr=0x0000000000000000

Registers:
RAX=0x0000000000000000, RBX=0x00007fa7a0006800, RCX=0x00007fa7a0004da0, RDX=0x00007fa7a7103220
RSP=0x00007fa7a7d24530, RBP=0x00007fa7a7d245a0, RSI=0x0000000000000000, RDI=0x00007fa7a00069d8
R8 =0x00007fa7a70fe760, R9 =0x00000007d708f330, R10=0x0000000000000000, R11=0x00007fa7a7103228
R12=0x0000000000000000, R13=0x0000000000000000, R14=0x00007fa7a7d24680, R15=0x00007fa7a0006800
RIP=0x00007fa7a698734f, EFLAGS=0x0000000000010246, CSGSFS=0x0000000000000033, ERR=0x0000000000000004
  TRAPNO=0x000000000000000e

Top of Stack: (sp=0x00007fa7a7d24530)
0x00007fa7a7d24530:   00007fa7a0007718 0000000000000000
0x00007fa7a7d24540:   00007fa7a0006800 0000000000000000
0x00007fa7a7d24550:   00007fa7a7d246e0 00007fa7a7d24678
0x00007fa7a7d24560:   00007fa7a0006800 00007fa7a0007718
0x00007fa7a7d24570:   00007fa7a0006800 000000077fe11b00
0x00007fa7a7d24580:   00007fa7a020c398 0000000000000000
0x00007fa7a7d24590:   00007fa7a7d24680 00007fa7a0006800
0x00007fa7a7d245a0:   00007fa7a00069d8 00007fa79644d2b0
0x00007fa7a7d245b0:   000000077fe11b00 0000000000000000
0x00007fa7a7d245c0:   000000077fe11b00 00007fa7a7d24658
0x00007fa7a7d245d0:   0000000000000000 000000077fe11af8
0x00007fa7a7d245e0:   00007fa7a7d24680 00007fa79d012966
0x00007fa7a7d245f0:   000000077fe165bd 0000000b000000b6
0x00007fa7a7d24600:   00007fa7a0007718 0000000000000000
0x00007fa7a7d24610:   00000007d708f330 00007fa7a7d24608
0x00007fa7a7d24620:   000000077fe11af8 00007fa7a7d24680
0x00007fa7a7d24630:   000000077fe1bf10 0000000000000000
0x00007fa7a7d24640:   000000077fe11b00 0000000000000000
0x00007fa7a7d24650:   00007fa7a7d24678 00007fa7a7d246e0
0x00007fa7a7d24660:   00007fa79d006275 0000000000000000
0x00007fa7a7d24670:   00007fa79d00edd7 0000000000000000
0x00007fa7a7d24680:   00000007d708f330 00000007d70e3be0
0x00007fa7a7d24690:   0000000000000001 00000007d708f330
0x00007fa7a7d246a0:   00007fa7a7d24690 000000077fe165bd
0x00007fa7a7d246b0:   00007fa7a7d246f8 000000077fe1b770
0x00007fa7a7d246c0:   0000000000000000 000000077fe16608
0x00007fa7a7d246d0:   00007fa7a7d24678 00007fa7a7d246f0
0x00007fa7a7d246e0:   00007fa7a7d24740 00007fa79d006158
0x00007fa7a7d246f0:   00000007d70e3be0 00000007d708f330
0x00007fa7a7d24700:   00007fa7a7d24700 000000077fefc4e7
0x00007fa7a7d24710:   00007fa7a7d24760 000000077ff00430
0x00007fa7a7d24720:   0000000000000000 000000077fefc568 

Instructions: (pc=0x00007fa7a698734f)
0x00007fa7a698732f:   48 89 5d c0 48 89 5d a0 48 c7 45 a8 00 00 00 00
0x00007fa7a698733f:   48 83 7b 08 00 74 09 48 8d 7d a0 e8 e1 1f 21 00
0x00007fa7a698734f:   4d 8b 3c 24 4c 89 ff e8 95 90 fd ff 41 89 c5 48
0x00007fa7a698735f:   98 4c 8d 60 01 4c 89 e7 e8 d4 39 1c 00 48 85 c0 

Register to memory mapping:

RAX=0x0000000000000000 is an unknown value
RBX=0x00007fa7a0006800 is a thread
RCX=0x00007fa7a0004da0 is an unknown value
RDX=0x00007fa7a7103220: <offset 0xcf4220> in /usr/lib/jvm/jdk1.7.0/jre/lib/amd64/server/libjvm.so at 0x00007fa7a640f000
RSP=0x00007fa7a7d24530 is pointing into the stack for thread: 0x00007fa7a0006800
RBP=0x00007fa7a7d245a0 is pointing into the stack for thread: 0x00007fa7a0006800
RSI=0x0000000000000000 is an unknown value
RDI=0x00007fa7a00069d8 is an unknown value
R8 =0x00007fa7a70fe760: <offset 0xcef760> in /usr/lib/jvm/jdk1.7.0/jre/lib/amd64/server/libjvm.so at 0x00007fa7a640f000
R9 =0x00000007d708f330 is an oop
org.sqlite.NativeDB 
 - klass: 'org/sqlite/NativeDB'
R10=0x0000000000000000 is an unknown value
R11=0x00007fa7a7103228: <offset 0xcf4228> in /usr/lib/jvm/jdk1.7.0/jre/lib/amd64/server/libjvm.so at 0x00007fa7a640f000
R12=0x0000000000000000 is an unknown value
R13=0x0000000000000000 is an unknown value
R14=0x00007fa7a7d24680 is pointing into the stack for thread: 0x00007fa7a0006800
R15=0x00007fa7a0006800 is a thread


Stack: [0x00007fa7a7c25000,0x00007fa7a7d26000],  sp=0x00007fa7a7d24530,  free space=1021k
Native frames: (J=compiled Java code, j=interpreted, Vv=VM code, C=native code)
V  [libjvm.so+0x57834f]  jni_GetStringUTFChars+0x9f

Java frames: (J=compiled Java code, j=interpreted, Vv=VM code)
j  org.sqlite.NativeDB.prepare(Ljava/lang/String;)J+0
j  org.sqlite.DB.prepare(Lorg/sqlite/Stmt;)V+21
j  org.sqlite.PrepStmt.<init>(Lorg/sqlite/Conn;Ljava/lang/String;)V+15
j  org.sqlite.Conn.prepareStatement(Ljava/lang/String;III)Ljava/sql/PreparedStatement;+14
j  org.sqlite.Conn.prepareStatement(Ljava/lang/String;II)Ljava/sql/PreparedStatement;+5
j  org.sqlite.Conn.prepareStatement(Ljava/lang/String;)Ljava/sql/PreparedStatement;+8
j  exercicis.PassarRutesObjSQLite.inserirTaulesRutaPunts()V+67
j  exercicis.PassarRutesObjSQLite.main([Ljava/lang/String;)V+0
v  ~StubRoutines::call_stub

---------------  P R O C E S S  ---------------

Java Threads: ( => current thread )
  0x00007fa7a01cc800 JavaThread "Abandoned connection cleanup thread" daemon [_thread_blocked, id=4610, stack(0x00007fa7966c8000,0x00007fa7967c9000)]
  0x00007fa7a00ef800 JavaThread "Service Thread" daemon [_thread_blocked, id=4608, stack(0x00007fa796cf1000,0x00007fa796df2000)]
  0x00007fa7a00ed000 JavaThread "C2 CompilerThread1" daemon [_thread_blocked, id=4607, stack(0x00007fa796df2000,0x00007fa796ef3000)]
  0x00007fa7a00ea800 JavaThread "C2 CompilerThread0" daemon [_thread_blocked, id=4606, stack(0x00007fa796ef3000,0x00007fa796ff4000)]
  0x00007fa7a00e8000 JavaThread "Signal Dispatcher" daemon [_thread_blocked, id=4605, stack(0x00007fa79c04e000,0x00007fa79c14f000)]
  0x00007fa7a009a000 JavaThread "Finalizer" daemon [_thread_blocked, id=4604, stack(0x00007fa79c7f8000,0x00007fa79c8f9000)]
  0x00007fa7a0097800 JavaThread "Reference Handler" daemon [_thread_blocked, id=4603, stack(0x00007fa79c8f9000,0x00007fa79c9fa000)]
=>0x00007fa7a0006800 JavaThread "main" [_thread_in_vm, id=4597, stack(0x00007fa7a7c25000,0x00007fa7a7d26000)]

Other Threads:
  0x00007fa7a0090000 VMThread [stack: 0x00007fa79c9fa000,0x00007fa79cafb000] [id=4602]
  0x00007fa7a0102000 WatcherThread [stack: 0x00007fa796bf0000,0x00007fa796cf1000] [id=4609]

VM state:not at safepoint (normal execution)

VM Mutex/Monitor currently owned by a thread: None

Heap
 PSYoungGen      total 36800K, used 2550K [0x00000007d6eb0000, 0x00000007d97c0000, 0x0000000800000000)
  eden space 31552K, 8% used [0x00000007d6eb0000,0x00000007d712db18,0x00000007d8d80000)
  from space 5248K, 0% used [0x00000007d92a0000,0x00000007d92a0000,0x00000007d97c0000)
  to   space 5248K, 0% used [0x00000007d8d80000,0x00000007d8d80000,0x00000007d92a0000)
 ParOldGen       total 84096K, used 0K [0x0000000784c00000, 0x0000000789e20000, 0x00000007d6eb0000)
  object space 84096K, 0% used [0x0000000784c00000,0x0000000784c00000,0x0000000789e20000)
 PSPermGen       total 21248K, used 5122K [0x000000077fa00000, 0x0000000780ec0000, 0x0000000784c00000)
  object space 21248K, 24% used [0x000000077fa00000,0x000000077ff00af0,0x0000000780ec0000)

Card table byte_map: [0x00007fa7a53f3000,0x00007fa7a57f7000] byte_map_base: 0x00007fa7a17f6000

Polling page: 0x00007fa7a7d44000

Code Cache  [0x00007fa79d000000, 0x00007fa79d270000, 0x00007fa7a0000000)
 total_blobs=266 nmethods=27 adapters=192 free_code_cache=48688Kb largest_free_block=49836288

Compilation events (10 events):
Event: 0,144 Thread 0x00007fa7a00ed000   22   !         org.sqlite.SQLiteJDBCLoader::md5sum (104 bytes)
Event: 0,146 Thread 0x00007fa7a00ea800   23             java.security.DigestInputStream::read (31 bytes)
Event: 0,153 Thread 0x00007fa7a00ea800 nmethod 23 0x00007fa79d071450 code [0x00007fa79d071600, 0x00007fa79d071bb0]
Event: 0,157 Thread 0x00007fa7a00ea800   24             sun.security.provider.MD5::implCompress (1508 bytes)
Event: 0,161 Thread 0x00007fa7a00ed000 nmethod 22 0x00007fa79d076450 code [0x00007fa79d0766e0, 0x00007fa79d0775a8]
Event: 0,161 Thread 0x00007fa7a00ed000   25             sun.security.provider.ByteArrayAccess::b2iLittle64 (586 bytes)
Event: 0,162 Thread 0x00007fa7a00ed000 nmethod 25 0x00007fa79d071090 code [0x00007fa79d0711c0, 0x00007fa79d071378]
Event: 0,162 Thread 0x00007fa7a00ed000    2 % !         org.sqlite.SQLiteJDBCLoader::md5sum @ 25 (104 bytes)
Event: 0,164 Thread 0x00007fa7a00ed000 nmethod 2% 0x00007fa79d067310 code [0x00007fa79d0674e0, 0x00007fa79d0678a0]
Event: 0,171 Thread 0x00007fa7a00ea800 nmethod 24 0x00007fa79d073190 code [0x00007fa79d0732e0, 0x00007fa79d073f68]

GC Heap History (0 events):
No events

Deoptimization events (2 events):
Event: 0,144 Thread 0x00007fa7a0006800 Uncommon trap 18 fr.pc 0x00007fa79d06c18c
Event: 0,144 Thread 0x00007fa7a0006800 Uncommon trap -83 fr.pc 0x00007fa79d06e3c4

Internal exceptions (10 events):
Event: 0,077 Thread 0x00007fa7a0006800 Threw 0x00000007d70503b8 at /HUDSON/workspace/jdk7u25-2-build-linux-amd64-product/jdk7u25/hotspot/src/share/vm/prims/jvm.cpp:1235
Event: 0,144 Thread 0x00007fa7a0006800 Implicit null exception at 0x00007fa79d06dfc1 to 0x00007fa79d06e3a9
Event: 0,182 Thread 0x00007fa7a0006800 Threw 0x00000007d708c508 at /HUDSON/workspace/jdk7u25-2-build-linux-amd64-product/jdk7u25/hotspot/src/share/vm/prims/jvm.cpp:1235
Event: 0,182 Thread 0x00007fa7a0006800 Threw 0x00000007d7090390 at /HUDSON/workspace/jdk7u25-2-build-linux-amd64-product/jdk7u25/hotspot/src/share/vm/prims/jvm.cpp:1235
Event: 0,183 Thread 0x00007fa7a0006800 Threw 0x00000007d70992b0 at /HUDSON/workspace/jdk7u25-2-build-linux-amd64-product/jdk7u25/hotspot/src/share/vm/prims/jvm.cpp:1235
Event: 0,184 Thread 0x00007fa7a0006800 Threw 0x00000007d70a48f8 at /HUDSON/workspace/jdk7u25-2-build-linux-amd64-product/jdk7u25/hotspot/src/share/vm/prims/jvm.cpp:1235
Event: 0,187 Thread 0x00007fa7a0006800 Threw 0x00000007d70b4ca8 at /HUDSON/workspace/jdk7u25-2-build-linux-amd64-product/jdk7u25/hotspot/src/share/vm/prims/jvm.cpp:1235
Event: 0,189 Thread 0x00007fa7a0006800 Threw 0x00000007d70be8d0 at /HUDSON/workspace/jdk7u25-2-build-linux-amd64-product/jdk7u25/hotspot/src/share/vm/prims/jvm.cpp:1235
Event: 0,191 Thread 0x00007fa7a0006800 Threw 0x00000007d70ccd88 at /HUDSON/workspace/jdk7u25-2-build-linux-amd64-product/jdk7u25/hotspot/src/share/vm/prims/jvm.cpp:1235
Event: 0,192 Thread 0x00007fa7a0006800 Threw 0x00000007d70da1c8 at /HUDSON/workspace/jdk7u25-2-build-linux-amd64-product/jdk7u25/hotspot/src/share/vm/prims/jvm.cpp:1235

Events (10 events):
Event: 0,190 loading class 0x00007fa7a02205f0
Event: 0,190 loading class 0x00007fa7a02205f0 done
Event: 0,191 loading class 0x00007fa7a02206b0
Event: 0,191 loading class 0x00007fa7a02206b0 done
Event: 0,191 loading class 0x00007fa7a022d460
Event: 0,191 loading class 0x00007fa7a022d460 done
Event: 0,192 loading class 0x00007fa7a01d1400
Event: 0,192 loading class 0x00007fa7a01d1400 done
Event: 0,193 loading class 0x00007fa7a022fb70
Event: 0,193 loading class 0x00007fa7a022fb70 done


Dynamic libraries:
00400000-00401000 r-xp 00000000 08:01 19032                              /usr/lib/jvm/jdk1.7.0/bin/java
00600000-00601000 rw-p 00000000 08:01 19032                              /usr/lib/jvm/jdk1.7.0/bin/java
01d53000-01d74000 rw-p 00000000 00:00 0                                  [heap]
77fa00000-780ec0000 rw-p 00000000 00:00 0 
780ec0000-784c00000 rw-p 00000000 00:00 0 
784c00000-789e20000 rw-p 00000000 00:00 0 
789e20000-7d6eb0000 rw-p 00000000 00:00 0 
7d6eb0000-7d97c0000 rw-p 00000000 00:00 0 
7d97c0000-800000000 rw-p 00000000 00:00 0 
7fa754000000-7fa754021000 rw-p 00000000 00:00 0 
7fa754021000-7fa758000000 ---p 00000000 00:00 0 
7fa75c000000-7fa75c021000 rw-p 00000000 00:00 0 
7fa75c021000-7fa760000000 ---p 00000000 00:00 0 
7fa760000000-7fa760021000 rw-p 00000000 00:00 0 
7fa760021000-7fa764000000 ---p 00000000 00:00 0 
7fa764000000-7fa7642c2000 rw-p 00000000 00:00 0 
7fa7642c2000-7fa768000000 ---p 00000000 00:00 0 
7fa768000000-7fa7681f2000 rw-p 00000000 00:00 0 
7fa7681f2000-7fa76c000000 ---p 00000000 00:00 0 
7fa76c000000-7fa76c021000 rw-p 00000000 00:00 0 
7fa76c021000-7fa770000000 ---p 00000000 00:00 0 
7fa770000000-7fa770021000 rw-p 00000000 00:00 0 
7fa770021000-7fa774000000 ---p 00000000 00:00 0 
7fa774000000-7fa774021000 rw-p 00000000 00:00 0 
7fa774021000-7fa778000000 ---p 00000000 00:00 0 
7fa77bfd0000-7fa780000000 rw-p 00000000 00:00 0 
7fa780000000-7fa780021000 rw-p 00000000 00:00 0 
7fa780021000-7fa784000000 ---p 00000000 00:00 0 
7fa784000000-7fa784021000 rw-p 00000000 00:00 0 
7fa784021000-7fa788000000 ---p 00000000 00:00 0 
7fa788000000-7fa788021000 rw-p 00000000 00:00 0 
7fa788021000-7fa78c000000 ---p 00000000 00:00 0 
7fa790000000-7fa790021000 rw-p 00000000 00:00 0 
7fa790021000-7fa794000000 ---p 00000000 00:00 0 
7fa796248000-7fa796440000 rw-p 00000000 00:00 0 
7fa796440000-7fa7964c4000 r-xp 00000000 08:01 527732                     /tmp/sqlite-3.7.2-libsqlitejdbc.so
7fa7964c4000-7fa7966c4000 ---p 00084000 08:01 527732                     /tmp/sqlite-3.7.2-libsqlitejdbc.so
7fa7966c4000-7fa7966c5000 r--p 00084000 08:01 527732                     /tmp/sqlite-3.7.2-libsqlitejdbc.so
7fa7966c5000-7fa7966c8000 rw-p 00085000 08:01 527732                     /tmp/sqlite-3.7.2-libsqlitejdbc.so
7fa7966c8000-7fa7966cb000 ---p 00000000 00:00 0 
7fa7966cb000-7fa7967c9000 rw-p 00000000 00:00 0                          [stack:4610]
7fa7967c9000-7fa7967de000 r-xp 00000000 08:01 19732                      /usr/lib/jvm/jdk1.7.0/jre/lib/amd64/libnet.so
7fa7967de000-7fa7969de000 ---p 00015000 08:01 19732                      /usr/lib/jvm/jdk1.7.0/jre/lib/amd64/libnet.so
7fa7969de000-7fa7969df000 rw-p 00015000 08:01 19732                      /usr/lib/jvm/jdk1.7.0/jre/lib/amd64/libnet.so
7fa7969df000-7fa7969ef000 r-xp 00000000 08:01 19744                      /usr/lib/jvm/jdk1.7.0/jre/lib/amd64/libnio.so
7fa7969ef000-7fa796bef000 ---p 00010000 08:01 19744                      /usr/lib/jvm/jdk1.7.0/jre/lib/amd64/libnio.so
7fa796bef000-7fa796bf0000 rw-p 00010000 08:01 19744                      /usr/lib/jvm/jdk1.7.0/jre/lib/amd64/libnio.so
7fa796bf0000-7fa796bf1000 ---p 00000000 00:00 0 
7fa796bf1000-7fa796cf1000 rw-p 00000000 00:00 0                          [stack:4609]
7fa796cf1000-7fa796cf4000 ---p 00000000 00:00 0 
7fa796cf4000-7fa796df2000 rw-p 00000000 00:00 0                          [stack:4608]
7fa796df2000-7fa796df5000 ---p 00000000 00:00 0 
7fa796df5000-7fa796ef3000 rw-p 00000000 00:00 0                          [stack:4607]
7fa796ef3000-7fa796ef6000 ---p 00000000 00:00 0 
7fa796ef6000-7fa798000000 rw-p 00000000 00:00 0                          [stack:4606]
7fa798000000-7fa798021000 rw-p 00000000 00:00 0 
7fa798021000-7fa79c000000 ---p 00000000 00:00 0 
7fa79c04e000-7fa79c051000 ---p 00000000 00:00 0 
7fa79c051000-7fa79c14f000 rw-p 00000000 00:00 0                          [stack:4605]
7fa79c14f000-7fa79c7f8000 r--p 00000000 08:01 131074                     /usr/lib/locale/locale-archive
7fa79c7f8000-7fa79c7fb000 ---p 00000000 00:00 0 
7fa79c7fb000-7fa79c8f9000 rw-p 00000000 00:00 0                          [stack:4604]
7fa79c8f9000-7fa79c8fc000 ---p 00000000 00:00 0 
7fa79c8fc000-7fa79c9fa000 rw-p 00000000 00:00 0                          [stack:4603]
7fa79c9fa000-7fa79c9fb000 ---p 00000000 00:00 0 
7fa79c9fb000-7fa79d000000 rw-p 00000000 00:00 0                          [stack:4602]
7fa79d000000-7fa79d270000 rwxp 00000000 00:00 0 
7fa79d270000-7fa7a023b000 rw-p 00000000 00:00 0 
7fa7a023b000-7fa7a4000000 ---p 00000000 00:00 0 
7fa7a4081000-7fa7a40b2000 rw-p 00000000 00:00 0 
7fa7a40b2000-7fa7a40bc000 r--s 00254000 08:01 19707                      /usr/lib/jvm/jdk1.7.0/jre/lib/resources.jar
7fa7a40bc000-7fa7a40c1000 r--s 00309000 08:06 7077918                    /home/alumnes/2CFSL/alu53381650f/Drivers JBC/sqlite-jdbc-3.7.2.jar
7fa7a40c1000-7fa7a40c8000 r--s 000ca000 08:06 7077914                    /home/alumnes/2CFSL/alu53381650f/Drivers JBC/mysql-connector-java-5.1.26-bin.jar
7fa7a40c8000-7fa7a4b77000 rw-p 00000000 00:00 0 
7fa7a4b77000-7fa7a4d34000 r--s 039f9000 08:01 19715                      /usr/lib/jvm/jdk1.7.0/jre/lib/rt.jar
7fa7a4d34000-7fa7a4d35000 ---p 00000000 00:00 0 
7fa7a4d35000-7fa7a4e35000 rw-p 00000000 00:00 0                          [stack:4601]
7fa7a4e35000-7fa7a4e36000 ---p 00000000 00:00 0 
7fa7a4e36000-7fa7a4f36000 rw-p 00000000 00:00 0                          [stack:4600]
7fa7a4f36000-7fa7a4f37000 ---p 00000000 00:00 0 
7fa7a4f37000-7fa7a5037000 rw-p 00000000 00:00 0                          [stack:4599]
7fa7a5037000-7fa7a5038000 ---p 00000000 00:00 0 
7fa7a5038000-7fa7a5143000 rw-p 00000000 00:00 0                          [stack:4598]
7fa7a5143000-7fa7a5161000 rw-p 00000000 00:00 0 
7fa7a5161000-7fa7a518b000 rw-p 00000000 00:00 0 
7fa7a518b000-7fa7a53f3000 rw-p 00000000 00:00 0 
7fa7a53f3000-7fa7a53fe000 rw-p 00000000 00:00 0 
7fa7a53fe000-7fa7a541c000 rw-p 00000000 00:00 0 
7fa7a541c000-7fa7a5446000 rw-p 00000000 00:00 0 
7fa7a5446000-7fa7a56ad000 rw-p 00000000 00:00 0 
7fa7a56ad000-7fa7a56c2000 rw-p 00000000 00:00 0 
7fa7a56c2000-7fa7a57f6000 rw-p 00000000 00:00 0 
7fa7a57f6000-7fa7a5801000 rw-p 00000000 00:00 0 
7fa7a5801000-7fa7a58b7000 rw-p 00000000 00:00 0 
7fa7a58b7000-7fa7a58d2000 r-xp 00000000 08:01 19765                      /usr/lib/jvm/jdk1.7.0/jre/lib/amd64/libzip.so
7fa7a58d2000-7fa7a5ad1000 ---p 0001b000 08:01 19765                      /usr/lib/jvm/jdk1.7.0/jre/lib/amd64/libzip.so
7fa7a5ad1000-7fa7a5ad2000 rw-p 0001a000 08:01 19765                      /usr/lib/jvm/jdk1.7.0/jre/lib/amd64/libzip.so
7fa7a5ad2000-7fa7a5afb000 r-xp 00000000 08:01 19769                      /usr/lib/jvm/jdk1.7.0/jre/lib/amd64/libjava.so
7fa7a5afb000-7fa7a5cfb000 ---p 00029000 08:01 19769                      /usr/lib/jvm/jdk1.7.0/jre/lib/amd64/libjava.so
7fa7a5cfb000-7fa7a5cfd000 rw-p 00029000 08:01 19769                      /usr/lib/jvm/jdk1.7.0/jre/lib/amd64/libjava.so
7fa7a5cfd000-7fa7a5d0a000 r-xp 00000000 08:01 19748                      /usr/lib/jvm/jdk1.7.0/jre/lib/amd64/libverify.so
7fa7a5d0a000-7fa7a5f09000 ---p 0000d000 08:01 19748                      /usr/lib/jvm/jdk1.7.0/jre/lib/amd64/libverify.so
7fa7a5f09000-7fa7a5f0b000 rw-p 0000c000 08:01 19748                      /usr/lib/jvm/jdk1.7.0/jre/lib/amd64/libverify.so
7fa7a5f0b000-7fa7a5f12000 r-xp 00000000 08:01 389                        /lib/x86_64-linux-gnu/librt-2.15.so
7fa7a5f12000-7fa7a6111000 ---p 00007000 08:01 389                        /lib/x86_64-linux-gnu/librt-2.15.so
7fa7a6111000-7fa7a6112000 r--p 00006000 08:01 389                        /lib/x86_64-linux-gnu/librt-2.15.so
7fa7a6112000-7fa7a6113000 rw-p 00007000 08:01 389                        /lib/x86_64-linux-gnu/librt-2.15.so
7fa7a6113000-7fa7a620e000 r-xp 00000000 08:01 381                        /lib/x86_64-linux-gnu/libm-2.15.so
7fa7a620e000-7fa7a640d000 ---p 000fb000 08:01 381                        /lib/x86_64-linux-gnu/libm-2.15.so
7fa7a640d000-7fa7a640e000 r--p 000fa000 08:01 381                        /lib/x86_64-linux-gnu/libm-2.15.so
7fa7a640e000-7fa7a640f000 rw-p 000fb000 08:01 381                        /lib/x86_64-linux-gnu/libm-2.15.so
7fa7a640f000-7fa7a6e50000 r-xp 00000000 08:01 19726                      /usr/lib/jvm/jdk1.7.0/jre/lib/amd64/server/libjvm.so
7fa7a6e50000-7fa7a7050000 ---p 00a41000 08:01 19726                      /usr/lib/jvm/jdk1.7.0/jre/lib/amd64/server/libjvm.so
7fa7a7050000-7fa7a70f3000 rw-p 00a41000 08:01 19726                      /usr/lib/jvm/jdk1.7.0/jre/lib/amd64/server/libjvm.so
7fa7a70f3000-7fa7a712f000 rw-p 00000000 00:00 0 
7fa7a712f000-7fa7a72e3000 r-xp 00000000 08:01 5647                       /lib/x86_64-linux-gnu/libc-2.15.so
7fa7a72e3000-7fa7a74e2000 ---p 001b4000 08:01 5647                       /lib/x86_64-linux-gnu/libc-2.15.so
7fa7a74e2000-7fa7a74e6000 r--p 001b3000 08:01 5647                       /lib/x86_64-linux-gnu/libc-2.15.so
7fa7a74e6000-7fa7a74e8000 rw-p 001b7000 08:01 5647                       /lib/x86_64-linux-gnu/libc-2.15.so
7fa7a74e8000-7fa7a74ed000 rw-p 00000000 00:00 0 
7fa7a74ed000-7fa7a74ef000 r-xp 00000000 08:01 8366                       /lib/x86_64-linux-gnu/libdl-2.15.so
7fa7a74ef000-7fa7a76ef000 ---p 00002000 08:01 8366                       /lib/x86_64-linux-gnu/libdl-2.15.so
7fa7a76ef000-7fa7a76f0000 r--p 00002000 08:01 8366                       /lib/x86_64-linux-gnu/libdl-2.15.so
7fa7a76f0000-7fa7a76f1000 rw-p 00003000 08:01 8366                       /lib/x86_64-linux-gnu/libdl-2.15.so
7fa7a76f1000-7fa7a7707000 r-xp 00000000 08:01 19723                      /usr/lib/jvm/jdk1.7.0/jre/lib/amd64/jli/libjli.so
7fa7a7707000-7fa7a7907000 ---p 00016000 08:01 19723                      /usr/lib/jvm/jdk1.7.0/jre/lib/amd64/jli/libjli.so
7fa7a7907000-7fa7a7908000 rw-p 00016000 08:01 19723                      /usr/lib/jvm/jdk1.7.0/jre/lib/amd64/jli/libjli.so
7fa7a7908000-7fa7a7920000 r-xp 00000000 08:01 383                        /lib/x86_64-linux-gnu/libpthread-2.15.so
7fa7a7920000-7fa7a7b1f000 ---p 00018000 08:01 383                        /lib/x86_64-linux-gnu/libpthread-2.15.so
7fa7a7b1f000-7fa7a7b20000 r--p 00017000 08:01 383                        /lib/x86_64-linux-gnu/libpthread-2.15.so
7fa7a7b20000-7fa7a7b21000 rw-p 00018000 08:01 383                        /lib/x86_64-linux-gnu/libpthread-2.15.so
7fa7a7b21000-7fa7a7b25000 rw-p 00000000 00:00 0 
7fa7a7b25000-7fa7a7b47000 r-xp 00000000 08:01 387                        /lib/x86_64-linux-gnu/ld-2.15.so
7fa7a7b48000-7fa7a7b58000 r--s 00170000 08:06 7077915                    /home/alumnes/2CFSL/alu53381650f/Drivers JBC/ojdbc14.jar
7fa7a7b58000-7fa7a7bf0000 rw-p 00000000 00:00 0 
7fa7a7bf0000-7fa7a7c25000 r--s 00000000 08:01 442173                     /var/cache/nscd/passwd
7fa7a7c25000-7fa7a7c28000 ---p 00000000 00:00 0 
7fa7a7c28000-7fa7a7d2a000 rw-p 00000000 00:00 0                          [stack:4597]
7fa7a7d2f000-7fa7a7d30000 rw-p 00000000 00:00 0 
7fa7a7d30000-7fa7a7d34000 r--s 0008a000 08:01 19671                      /usr/lib/jvm/jdk1.7.0/jre/lib/jsse.jar
7fa7a7d34000-7fa7a7d3b000 r--s 00099000 08:06 7077909                    /home/alumnes/2CFSL/alu53381650f/Drivers JBC/postgresql-9.4-1202.jdbc4.jar
7fa7a7d3b000-7fa7a7d43000 rw-s 00000000 08:01 655404                     /tmp/hsperfdata_alu53381650f/4591
7fa7a7d43000-7fa7a7d44000 rw-p 00000000 00:00 0 
7fa7a7d44000-7fa7a7d45000 r--p 00000000 00:00 0 
7fa7a7d45000-7fa7a7d47000 rw-p 00000000 00:00 0 
7fa7a7d47000-7fa7a7d48000 r--p 00022000 08:01 387                        /lib/x86_64-linux-gnu/ld-2.15.so
7fa7a7d48000-7fa7a7d4a000 rw-p 00023000 08:01 387                        /lib/x86_64-linux-gnu/ld-2.15.so
7fff6caec000-7fff6cb0d000 rw-p 00000000 00:00 0                          [stack]
7fff6cbff000-7fff6cc00000 r-xp 00000000 00:00 0                          [vdso]
ffffffffff600000-ffffffffff601000 r-xp 00000000 00:00 0                  [vsyscall]

VM Arguments:
jvm_args: -Dfile.encoding=UTF-8 
java_command: exercicis.PassarRutesObjSQLite
Launcher Type: SUN_STANDARD

Environment Variables:
PATH=/usr/lib/lightdm/lightdm:/usr/local/sbin:/usr/local/bin:/usr/sbin:/usr/bin:/sbin:/bin:/usr/games
SHELL=/bin/bash
DISPLAY=:0.0

Signal Handlers:
SIGSEGV: [libjvm.so+0x8a26a0], sa_mask[0]=0x7ffbfeff, sa_flags=0x10000004
SIGBUS: [libjvm.so+0x8a26a0], sa_mask[0]=0x7ffbfeff, sa_flags=0x10000004
SIGFPE: [libjvm.so+0x73f3d0], sa_mask[0]=0x7ffbfeff, sa_flags=0x10000004
SIGPIPE: [libjvm.so+0x73f3d0], sa_mask[0]=0x7ffbfeff, sa_flags=0x10000004
SIGXFSZ: [libjvm.so+0x73f3d0], sa_mask[0]=0x7ffbfeff, sa_flags=0x10000004
SIGILL: [libjvm.so+0x73f3d0], sa_mask[0]=0x7ffbfeff, sa_flags=0x10000004
SIGUSR1: SIG_DFL, sa_mask[0]=0x00000000, sa_flags=0x00000000
SIGUSR2: [libjvm.so+0x73ed20], sa_mask[0]=0x00000004, sa_flags=0x10000004
SIGHUP: [libjvm.so+0x7410b0], sa_mask[0]=0x7ffbfeff, sa_flags=0x10000004
SIGINT: [libjvm.so+0x7410b0], sa_mask[0]=0x7ffbfeff, sa_flags=0x10000004
SIGTERM: [libjvm.so+0x7410b0], sa_mask[0]=0x7ffbfeff, sa_flags=0x10000004
SIGQUIT: [libjvm.so+0x7410b0], sa_mask[0]=0x7ffbfeff, sa_flags=0x10000004


---------------  S Y S T E M  ---------------

OS:wheezy/sid

uname:Linux 3.5.0-52-generic #79~precise1-Ubuntu SMP Fri Jul 4 21:03:49 UTC 2014 x86_64
libc:glibc 2.15 NPTL 2.15 
rlimit: STACK 8192k, CORE 0k, NPROC 62904, NOFILE 4096, AS infinity
load average:0,01 0,06 0,06

/proc/meminfo:
MemTotal:        8070560 kB
MemFree:         5968492 kB
Buffers:          111752 kB
Cached:           826876 kB
SwapCached:            0 kB
Active:          1182284 kB
Inactive:         757500 kB
Active(anon):    1003396 kB
Inactive(anon):    97348 kB
Active(file):     178888 kB
Inactive(file):   660152 kB
Unevictable:           4 kB
Mlocked:               4 kB
SwapTotal:       2097148 kB
SwapFree:        2097148 kB
Dirty:                44 kB
Writeback:             0 kB
AnonPages:       1001340 kB
Mapped:           132176 kB
Shmem:             99440 kB
Slab:              58924 kB
SReclaimable:      34836 kB
SUnreclaim:        24088 kB
KernelStack:        3168 kB
PageTables:        18668 kB
NFS_Unstable:          0 kB
Bounce:                0 kB
WritebackTmp:          0 kB
CommitLimit:     6132428 kB
Committed_AS:    2678200 kB
VmallocTotal:   34359738367 kB
VmallocUsed:      365552 kB
VmallocChunk:   34359370240 kB
HardwareCorrupted:     0 kB
AnonHugePages:         0 kB
HugePages_Total:       0
HugePages_Free:        0
HugePages_Rsvd:        0
HugePages_Surp:        0
Hugepagesize:       2048 kB
DirectMap4k:       69632 kB
DirectMap2M:     2983936 kB
DirectMap1G:     5242880 kB


CPU:total 4 (2 cores per cpu, 2 threads per core) family 6 model 60 stepping 3, cmov, cx8, fxsr, mmx, sse, sse2, sse3, ssse3, sse4.1, sse4.2, popcnt, avx, avx2, ht, tsc, tscinvbit

/proc/cpuinfo:
processor	: 0
vendor_id	: GenuineIntel
cpu family	: 6
model		: 60
model name	: Intel(R) Core(TM) i3-4150 CPU @ 3.50GHz
stepping	: 3
microcode	: 0x12
cpu MHz		: 3500.000
cache size	: 3072 KB
physical id	: 0
siblings	: 4
core id		: 0
cpu cores	: 2
apicid		: 0
initial apicid	: 0
fpu		: yes
fpu_exception	: yes
cpuid level	: 13
wp		: yes
flags		: fpu vme de pse tsc msr pae mce cx8 apic sep mtrr pge mca cmov pat pse36 clflush dts acpi mmx fxsr sse sse2 ss ht tm pbe syscall nx pdpe1gb rdtscp lm constant_tsc arch_perfmon pebs bts rep_good nopl xtopology nonstop_tsc aperfmperf pni pclmulqdq dtes64 monitor ds_cpl vmx est tm2 ssse3 fma cx16 xtpr pdcm pcid sse4_1 sse4_2 movbe popcnt tsc_deadline_timer aes xsave avx f16c rdrand lahf_lm abm arat xsaveopt pln pts dtherm tpr_shadow vnmi flexpriority ept vpid fsgsbase bmi1 avx2 smep bmi2 erms invpcid
bogomips	: 6984.50
clflush size	: 64
cache_alignment	: 64
address sizes	: 39 bits physical, 48 bits virtual
power management:

processor	: 1
vendor_id	: GenuineIntel
cpu family	: 6
model		: 60
model name	: Intel(R) Core(TM) i3-4150 CPU @ 3.50GHz
stepping	: 3
microcode	: 0x12
cpu MHz		: 800.000
cache size	: 3072 KB
physical id	: 0
siblings	: 4
core id		: 1
cpu cores	: 2
apicid		: 2
initial apicid	: 2
fpu		: yes
fpu_exception	: yes
cpuid level	: 13
wp		: yes
flags		: fpu vme de pse tsc msr pae mce cx8 apic sep mtrr pge mca cmov pat pse36 clflush dts acpi mmx fxsr sse sse2 ss ht tm pbe syscall nx pdpe1gb rdtscp lm constant_tsc arch_perfmon pebs bts rep_good nopl xtopology nonstop_tsc aperfmperf pni pclmulqdq dtes64 monitor ds_cpl vmx est tm2 ssse3 fma cx16 xtpr pdcm pcid sse4_1 sse4_2 movbe popcnt tsc_deadline_timer aes xsave avx f16c rdrand lahf_lm abm arat xsaveopt pln pts dtherm tpr_shadow vnmi flexpriority ept vpid fsgsbase bmi1 avx2 smep bmi2 erms invpcid
bogomips	: 6984.50
clflush size	: 64
cache_alignment	: 64
address sizes	: 39 bits physical, 48 bits virtual
power management:

processor	: 2
vendor_id	: GenuineIntel
cpu family	: 6
model		: 60
model name	: Intel(R) Core(TM) i3-4150 CPU @ 3.50GHz
stepping	: 3
microcode	: 0x12
cpu MHz		: 3500.000
cache size	: 3072 KB
physical id	: 0
siblings	: 4
core id		: 0
cpu cores	: 2
apicid		: 1
initial apicid	: 1
fpu		: yes
fpu_exception	: yes
cpuid level	: 13
wp		: yes
flags		: fpu vme de pse tsc msr pae mce cx8 apic sep mtrr pge mca cmov pat pse36 clflush dts acpi mmx fxsr sse sse2 ss ht tm pbe syscall nx pdpe1gb rdtscp lm constant_tsc arch_perfmon pebs bts rep_good nopl xtopology nonstop_tsc aperfmperf pni pclmulqdq dtes64 monitor ds_cpl vmx est tm2 ssse3 fma cx16 xtpr pdcm pcid sse4_1 sse4_2 movbe popcnt tsc_deadline_timer aes xsave avx f16c rdrand lahf_lm abm arat xsaveopt pln pts dtherm tpr_shadow vnmi flexpriority ept vpid fsgsbase bmi1 avx2 smep bmi2 erms invpcid
bogomips	: 6984.50
clflush size	: 64
cache_alignment	: 64
address sizes	: 39 bits physical, 48 bits virtual
power management:

processor	: 3
vendor_id	: GenuineIntel
cpu family	: 6
model		: 60
model name	: Intel(R) Core(TM) i3-4150 CPU @ 3.50GHz
stepping	: 3
microcode	: 0x12
cpu MHz		: 1200.000
cache size	: 3072 KB
physical id	: 0
siblings	: 4
core id		: 1
cpu cores	: 2
apicid		: 3
initial apicid	: 3
fpu		: yes
fpu_exception	: yes
cpuid level	: 13
wp		: yes
flags		: fpu vme de pse tsc msr pae mce cx8 apic sep mtrr pge mca cmov pat pse36 clflush dts acpi mmx fxsr sse sse2 ss ht tm pbe syscall nx pdpe1gb rdtscp lm constant_tsc arch_perfmon pebs bts rep_good nopl xtopology nonstop_tsc aperfmperf pni pclmulqdq dtes64 monitor ds_cpl vmx est tm2 ssse3 fma cx16 xtpr pdcm pcid sse4_1 sse4_2 movbe popcnt tsc_deadline_timer aes xsave avx f16c rdrand lahf_lm abm arat xsaveopt pln pts dtherm tpr_shadow vnmi flexpriority ept vpid fsgsbase bmi1 avx2 smep bmi2 erms invpcid
bogomips	: 6984.50
clflush size	: 64
cache_alignment	: 64
address sizes	: 39 bits physical, 48 bits virtual
power management:



Memory: 4k page, physical 8070560k(5968492k free), swap 2097148k(2097148k free)

vm_info: Java HotSpot(TM) 64-Bit Server VM (23.25-b01) for linux-amd64 JRE (1.7.0_25-b15), built on Jun  5 2013 20:48:36 by "java_re" with gcc 4.3.0 20080428 (Red Hat 4.3.0-8)

time: Wed Oct 28 18:56:48 2015
elapsed time: 0 seconds

